<?xml version="1.0" encoding="UTF-8"?>
<!-- Generated by org.testng.reporters.JUnitReportReporter -->
<testsuite skipped="0" hostname="WIN-BE6PFADQ28D" name="com.RestAssured.Testcase.Get_TC1" tests="8" failures="0" timestamp="25 May 2019 10:34:13 GMT" time="0.055" errors="0">
  <testcase name="Checkresponseheader" time="0.001" classname="com.RestAssured.Testcase.Get_TC1"/>
  <testcase name="CheckResponseheader_Content" time="0.003" classname="com.RestAssured.Testcase.Get_TC1"/>
  <testcase name="CheckstatusLine" time="0.007" classname="com.RestAssured.Testcase.Get_TC1"/>
  <testcase name="CheckContenttype" time="0.009" classname="com.RestAssured.Testcase.Get_TC1"/>
  <testcase name="CheckresponseBody" time="0.030" classname="com.RestAssured.Testcase.Get_TC1"/>
  <testcase name="CheckResponseheader_Content_Length" time="0.001" classname="com.RestAssured.Testcase.Get_TC1"/>
  <testcase name="CheckStatuscode" time="0.002" classname="com.RestAssured.Testcase.Get_TC1"/>
  <testcase name="CheckresponseTime" time="0.002" classname="com.RestAssured.Testcase.Get_TC1"/>
</testsuite> <!-- com.RestAssured.Testcase.Get_TC1 -->
