<?xml version="1.0" encoding="UTF-8"?>
<!-- Generated by org.testng.reporters.JUnitReportReporter -->
<testsuite skipped="0" hostname="WIN-BE6PFADQ28D" name="com.RestAssured.Auth.Premitive_Auth" tests="2" failures="0" timestamp="26 May 2019 05:40:22 GMT" time="1.991" errors="0">
  <testcase name="Authetication" time="1.972" classname="com.RestAssured.Auth.Premitive_Auth"/>
  <testcase name="CheckResponsebody" time="0.019" classname="com.RestAssured.Auth.Premitive_Auth"/>
</testsuite> <!-- com.RestAssured.Auth.Premitive_Auth -->
