<?xml version="1.0" encoding="UTF-8"?>
<!-- Generated by org.testng.reporters.JUnitReportReporter -->
<testsuite skipped="0" hostname="WIN-BE6PFADQ28D" name="com.RestAssured.Testcase.GetById_TC4" tests="1" failures="0" timestamp="25 May 2019 12:27:34 GMT" time="0.034" errors="0">
  <testcase name="CheckresponseBody" time="0.034" classname="com.RestAssured.Testcase.GetById_TC4"/>
</testsuite> <!-- com.RestAssured.Testcase.GetById_TC4 -->
