<?xml version="1.0" encoding="UTF-8"?>
<!-- Generated by org.testng.reporters.JUnitReportReporter -->
<testsuite skipped="0" hostname="WIN-BE6PFADQ28D" name="com.RestAssured.Testcase.Put_TC3" tests="1" failures="0" timestamp="25 May 2019 12:48:31 GMT" time="0.019" errors="0">
  <testcase name="CheckResponsebody" time="0.019" classname="com.RestAssured.Testcase.Put_TC3"/>
</testsuite> <!-- com.RestAssured.Testcase.Put_TC3 -->
