<?xml version="1.0" encoding="UTF-8"?>
<!-- Generated by org.testng.reporters.JUnitReportReporter -->
<testsuite skipped="0" hostname="WIN-BE6PFADQ28D" name="com.RestAssured.Testcase.Post_TC2" tests="8" failures="0" timestamp="25 May 2019 12:22:04 GMT" time="3.536" errors="0">
  <testcase name="Checkresponseheader" time="0.001" classname="com.RestAssured.Testcase.Post_TC2"/>
  <testcase name="CheckContenttype" time="0.001" classname="com.RestAssured.Testcase.Post_TC2"/>
  <testcase name="getid" time="3.508" classname="com.RestAssured.Testcase.Post_TC2"/>
  <testcase name="CheckResponseheader_Content" time="0.001" classname="com.RestAssured.Testcase.Post_TC2"/>
  <testcase name="CheckstatusLine" time="0.001" classname="com.RestAssured.Testcase.Post_TC2"/>
  <testcase name="CheckresponseTime" time="0.002" classname="com.RestAssured.Testcase.Post_TC2"/>
  <testcase name="CheckStatuscode" time="0.002" classname="com.RestAssured.Testcase.Post_TC2"/>
  <testcase name="CheckResponsebody" time="0.020" classname="com.RestAssured.Testcase.Post_TC2"/>
</testsuite> <!-- com.RestAssured.Testcase.Post_TC2 -->
