<?xml version="1.0" encoding="UTF-8"?>
<!-- Generated by org.testng.reporters.JUnitReportReporter -->
<testsuite skipped="0" hostname="WIN-BE6PFADQ28D" name="com.RestAssured.Testcase.Delete_TC5" tests="1" failures="0" timestamp="25 May 2019 12:42:33 GMT" time="0.031" errors="0">
  <testcase name="DeleteEmployee" time="0.031" classname="com.RestAssured.Testcase.Delete_TC5"/>
</testsuite> <!-- com.RestAssured.Testcase.Delete_TC5 -->
